Flutter crash report.
Please report a bug at https://github.com/flutter/flutter/issues.

## command

flutter run

## exception

DartDevelopmentServiceException: DartDevelopmentServiceException: Failed to start Dart Development Service

```
```

## flutter doctor

```
[32m[✓][39m Flutter (Channel stable, 3.35.5, on Microsoft Windows [version 10.0.26200.7462], locale en-US) [970ms]
    [32m•[39m Flutter version 3.35.5 on channel stable at C:\flutter
    [32m•[39m Upstream repository https://github.com/flutter/flutter.git
    [32m•[39m Framework revision ac4e799d23 (3 months ago), 2025-09-26 12:05:09 -0700
    [32m•[39m Engine revision d3d45dcf25
    [32m•[39m Dart version 3.9.2
    [32m•[39m DevTools version 2.48.0
    [32m•[39m Feature flags: enable-web, enable-linux-desktop, enable-macos-desktop, enable-windows-desktop, enable-android, enable-ios, cli-animations, enable-lldb-debugging

[32m[✓][39m Windows Version (11 Home 64-bit, 25H2, 2009) [4.0s]

[32m[✓][39m Android toolchain - develop for Android devices (Android SDK version 35.0.1) [12.0s]
    [32m•[39m Android SDK at C:\Users\ismail\AppData\Local\Android\sdk
    [32m•[39m Emulator version 35.4.9.0 (build_id 13025442) (CL:N/A)
    [32m•[39m Platform android-36, build-tools 35.0.1
    [32m•[39m Java binary at: C:\Program Files\Android\Android Studio\jbr\bin\java
      This is the JDK bundled with the latest Android Studio installation on this machine.
      To manually set the JDK path, use: `flutter config --jdk-dir="path/to/jdk"`.
    [32m•[39m Java version OpenJDK Runtime Environment (build 21.0.5+-12932927-b750.29)
    [32m•[39m All Android licenses accepted.

[32m[✓][39m Chrome - develop for the web [360ms]
    [32m•[39m Chrome at C:\Program Files\Google\Chrome\Application\chrome.exe

[32m[✓][39m Visual Studio - develop Windows apps (Visual Studio Community 2022 17.6.4) [358ms]
    [32m•[39m Visual Studio at C:\Program Files\Microsoft Visual Studio\2022\Community
    [32m•[39m Visual Studio Community 2022 version 17.6.33815.320
    [32m•[39m Windows 10 SDK version 10.0.22000.0

[32m[✓][39m Android Studio (version 2024.3) [16ms]
    [32m•[39m Android Studio at C:\Program Files\Android\Android Studio
    [32m•[39m Flutter plugin can be installed from:
      🔨 https://plugins.jetbrains.com/plugin/9212-flutter
    [32m•[39m Dart plugin can be installed from:
      🔨 https://plugins.jetbrains.com/plugin/6351-dart
    [32m•[39m Java version OpenJDK Runtime Environment (build 21.0.5+-12932927-b750.29)

[32m[✓][39m IntelliJ IDEA Ultimate Edition (version 2024.3) [11ms]
    [32m•[39m IntelliJ at C:\Program Files\JetBrains\IntelliJ IDEA 2024.3
    [32m•[39m Flutter plugin can be installed from:
      🔨 https://plugins.jetbrains.com/plugin/9212-flutter
    [32m•[39m Dart plugin can be installed from:
      🔨 https://plugins.jetbrains.com/plugin/6351-dart

[32m[✓][39m VS Code (version 1.107.1) [9ms]
    [32m•[39m VS Code at C:\Users\ismail\AppData\Local\Programs\Microsoft VS Code
    [32m•[39m Flutter extension version 3.124.0

[32m[✓][39m Connected device (3 available) [518ms]
    [32m•[39m Windows (desktop) • windows • windows-x64    • Microsoft Windows [version 10.0.26200.7462]
    [32m•[39m Chrome (web)      • chrome  • web-javascript • Google Chrome 143.0.7499.41
    [32m•[39m Edge (web)        • edge    • web-javascript • Microsoft Edge 143.0.3650.80

[32m[✓][39m Network resources [706ms]
    [32m•[39m All expected network resources are available.

[32m•[39m No issues found!
```
